::1 - - [18/Sep/2023:08:21:38 +0000] "GET /book/all HTTP/1.1" 200 3381 "-" "PostmanRuntime/7.33.0"
::1 - - [18/Sep/2023:08:22:12 +0000] "GET /book/all HTTP/1.1" 200 3381 "-" "PostmanRuntime/7.33.0"
::1 - - [18/Sep/2023:08:22:20 +0000] "GET /book/filter?limit=2&page=1 HTTP/1.1" 200 470 "-" "PostmanRuntime/7.33.0"
::1 - - [18/Sep/2023:08:22:57 +0000] "GET /book/filter?limit=2&page=1 HTTP/1.1" 200 470 "-" "PostmanRuntime/7.33.0"
::1 - - [18/Sep/2023:08:23:01 +0000] "GET /book/filter?stock=30&stockFilter=high&limit=2&page=1 HTTP/1.1" 200 463 "-" "PostmanRuntime/7.33.0"
::1 - - [18/Sep/2023:09:04:30 +0000] "GET /book/filter?stock=30&stockFilter=high&limit=2&page=1 HTTP/1.1" 200 463 "-" "PostmanRuntime/7.33.0"
::1 - - [18/Sep/2023:09:08:02 +0000] "POST /cart/checkout HTTP/1.1" 400 25 "-" "PostmanRuntime/7.33.0"
::1 - - [18/Sep/2023:09:09:13 +0000] "POST /cart/checkout HTTP/1.1" 401 63 "-" "PostmanRuntime/7.33.0"
::1 - - [18/Sep/2023:09:09:20 +0000] "GET /auth/login HTTP/1.1" 200 691 "-" "PostmanRuntime/7.33.0"
::1 - - [18/Sep/2023:09:09:36 +0000] "POST /cart/checkout HTTP/1.1" 200 186 "-" "PostmanRuntime/7.33.0"
::1 - - [18/Sep/2023:09:18:37 +0000] "GET /auth/login HTTP/1.1" 200 691 "-" "PostmanRuntime/7.33.0"
::1 - - [18/Sep/2023:09:18:51 +0000] "POST /cart/checkout HTTP/1.1" 200 43 "-" "PostmanRuntime/7.33.0"
::1 - - [18/Sep/2023:09:22:37 +0000] "POST /cart/checkout HTTP/1.1" 200 309 "-" "PostmanRuntime/7.33.0"
::1 - - [18/Sep/2023:09:23:37 +0000] "POST /cart/addtocart HTTP/1.1" 401 62 "-" "PostmanRuntime/7.33.0"
::1 - - [18/Sep/2023:09:23:41 +0000] "GET /auth/login HTTP/1.1" 200 691 "-" "PostmanRuntime/7.33.0"
::1 - - [18/Sep/2023:09:23:56 +0000] "POST /cart/addtocart HTTP/1.1" 201 292 "-" "PostmanRuntime/7.33.0"
::1 - - [18/Sep/2023:09:23:58 +0000] "POST /cart/addtocart HTTP/1.1" 201 295 "-" "PostmanRuntime/7.33.0"
::1 - - [18/Sep/2023:09:24:10 +0000] "POST /cart/checkout HTTP/1.1" 422 64 "-" "PostmanRuntime/7.33.0"
::1 - - [18/Sep/2023:09:24:22 +0000] "GET /cart/view HTTP/1.1" 401 62 "-" "PostmanRuntime/7.33.0"
::1 - - [18/Sep/2023:09:24:27 +0000] "GET /cart/view HTTP/1.1" 200 137 "-" "PostmanRuntime/7.33.0"
::1 - - [18/Sep/2023:09:24:50 +0000] "GET /cart/view HTTP/1.1" 200 137 "-" "PostmanRuntime/7.33.0"
::1 - - [18/Sep/2023:09:24:53 +0000] "POST /cart/checkout HTTP/1.1" 422 64 "-" "PostmanRuntime/7.33.0"
::1 - - [18/Sep/2023:09:25:09 +0000] "GET /cart/view HTTP/1.1" 200 137 "-" "PostmanRuntime/7.33.0"
::1 - - [18/Sep/2023:09:25:39 +0000] "POST /cart/checkout HTTP/1.1" 200 309 "-" "PostmanRuntime/7.33.0"
::1 - - [18/Sep/2023:09:26:51 +0000] "POST /cart/addtocart HTTP/1.1" 201 292 "-" "PostmanRuntime/7.33.0"
::1 - - [18/Sep/2023:09:26:54 +0000] "GET /cart/view HTTP/1.1" 200 233 "-" "PostmanRuntime/7.33.0"
::1 - - [18/Sep/2023:09:29:05 +0000] "GET /cart/view HTTP/1.1" 401 62 "-" "PostmanRuntime/7.33.0"
::1 - - [18/Sep/2023:09:29:10 +0000] "GET /auth/login HTTP/1.1" 200 691 "-" "PostmanRuntime/7.33.0"
::1 - - [18/Sep/2023:09:29:21 +0000] "POST /cart/checkout HTTP/1.1" 422 64 "-" "PostmanRuntime/7.33.0"
::1 - - [18/Sep/2023:09:29:27 +0000] "GET /cart/view HTTP/1.1" 200 192 "-" "PostmanRuntime/7.33.0"
::1 - - [18/Sep/2023:09:30:08 +0000] "GET /cart/view HTTP/1.1" 200 284 "-" "PostmanRuntime/7.33.0"
::1 - - [18/Sep/2023:09:30:42 +0000] "GET /cart/view HTTP/1.1" 200 221 "-" "PostmanRuntime/7.33.0"
::1 - - [18/Sep/2023:09:31:57 +0000] "GET /cart/view HTTP/1.1" 200 180 "-" "PostmanRuntime/7.33.0"
::1 - - [18/Sep/2023:09:53:57 +0000] "GET /trans/all HTTP/1.1" 401 63 "-" "PostmanRuntime/7.33.0"
::1 - - [18/Sep/2023:09:54:03 +0000] "GET /trans/all HTTP/1.1" 401 62 "-" "PostmanRuntime/7.33.0"
::1 - - [18/Sep/2023:09:54:11 +0000] "GET /auth/login HTTP/1.1" 200 698 "-" "PostmanRuntime/7.33.0"
::1 - - [18/Sep/2023:09:54:25 +0000] "GET /trans/all HTTP/1.1" 200 429 "-" "PostmanRuntime/7.33.0"
::1 - - [18/Sep/2023:09:58:22 +0000] "GET /trans/all HTTP/1.1" 200 883 "-" "PostmanRuntime/7.33.0"
::1 - - [18/Sep/2023:09:59:45 +0000] "GET /trans/all HTTP/1.1" 401 62 "-" "PostmanRuntime/7.33.0"
::1 - - [18/Sep/2023:09:59:51 +0000] "GET /auth/login HTTP/1.1" 200 698 "-" "PostmanRuntime/7.33.0"
::1 - - [18/Sep/2023:10:00:06 +0000] "GET /trans/all HTTP/1.1" 200 867 "-" "PostmanRuntime/7.33.0"
::1 - - [18/Sep/2023:10:00:53 +0000] "GET /trans/all HTTP/1.1" 200 801 "-" "PostmanRuntime/7.33.0"
::1 - - [18/Sep/2023:10:09:23 +0000] "GET /auth/login HTTP/1.1" 200 691 "-" "PostmanRuntime/7.33.0"
::1 - - [18/Sep/2023:10:10:32 +0000] "GET /trans/view HTTP/1.1" 500 65 "-" "PostmanRuntime/7.33.0"
::1 - - [18/Sep/2023:10:11:03 +0000] "GET /trans/view HTTP/1.1" 500 65 "-" "PostmanRuntime/7.33.0"
::1 - - [18/Sep/2023:10:11:25 +0000] "GET /trans/view HTTP/1.1" 500 65 "-" "PostmanRuntime/7.33.0"
::1 - - [18/Sep/2023:10:12:11 +0000] "GET /trans/view HTTP/1.1" 200 429 "-" "PostmanRuntime/7.33.0"
::1 - - [18/Sep/2023:10:12:56 +0000] "GET /trans/view HTTP/1.1" 200 801 "-" "PostmanRuntime/7.33.0"
::1 - - [18/Sep/2023:10:40:34 +0000] "POST /feedback/add HTTP/1.1" 401 63 "-" "PostmanRuntime/7.33.0"
::1 - - [18/Sep/2023:10:44:25 +0000] "POST /feedback/add HTTP/1.1" 401 62 "-" "PostmanRuntime/7.33.0"
::1 - - [18/Sep/2023:10:44:29 +0000] "GET /auth/login HTTP/1.1" 200 691 "-" "PostmanRuntime/7.33.0"
::1 - - [18/Sep/2023:10:44:52 +0000] "POST /feedback/add HTTP/1.1" 201 254 "-" "PostmanRuntime/7.33.0"
::1 - - [18/Sep/2023:10:48:17 +0000] "POST /feedback/edit HTTP/1.1" 401 63 "-" "PostmanRuntime/7.33.0"
::1 - - [18/Sep/2023:10:48:24 +0000] "POST /feedback/edit HTTP/1.1" 400 62 "-" "PostmanRuntime/7.33.0"
::1 - - [18/Sep/2023:10:48:41 +0000] "GET /auth/login HTTP/1.1" 200 691 "-" "PostmanRuntime/7.33.0"
::1 - - [18/Sep/2023:10:48:57 +0000] "POST /feedback/edit HTTP/1.1" 400 62 "-" "PostmanRuntime/7.33.0"
::1 - - [18/Sep/2023:10:50:00 +0000] "POST /feedback/remove HTTP/1.1" 500 65 "-" "PostmanRuntime/7.33.0"
::1 - - [18/Sep/2023:11:02:13 +0000] "GET /auth/login HTTP/1.1" 200 691 "-" "PostmanRuntime/7.33.0"
::1 - - [18/Sep/2023:11:02:27 +0000] "POST /feedback/remove HTTP/1.1" 400 69 "-" "PostmanRuntime/7.33.0"
::1 - - [18/Sep/2023:11:03:12 +0000] "POST /feedback/remove HTTP/1.1" 404 74 "-" "PostmanRuntime/7.33.0"
::1 - - [18/Sep/2023:11:04:32 +0000] "POST /feedback/remove HTTP/1.1" 404 74 "-" "PostmanRuntime/7.33.0"
::1 - - [18/Sep/2023:11:05:04 +0000] "POST /feedback/remove HTTP/1.1" 404 74 "-" "PostmanRuntime/7.33.0"
::1 - - [18/Sep/2023:11:06:04 +0000] "POST /feedback/remove HTTP/1.1" 404 74 "-" "PostmanRuntime/7.33.0"
::1 - - [18/Sep/2023:11:06:16 +0000] "POST /feedback/remove HTTP/1.1" 404 74 "-" "PostmanRuntime/7.33.0"
::1 - - [18/Sep/2023:11:08:31 +0000] "POST /feedback/remove HTTP/1.1" 401 62 "-" "PostmanRuntime/7.33.0"
::1 - - [18/Sep/2023:11:08:36 +0000] "GET /auth/login HTTP/1.1" 200 691 "-" "PostmanRuntime/7.33.0"
::1 - - [18/Sep/2023:11:08:48 +0000] "POST /feedback/remove HTTP/1.1" 404 74 "-" "PostmanRuntime/7.33.0"
::1 - - [18/Sep/2023:11:09:13 +0000] "POST /feedback/remove HTTP/1.1" 200 264 "-" "PostmanRuntime/7.33.0"
::1 - - [18/Sep/2023:11:10:02 +0000] "POST /feedback/add HTTP/1.1" 401 62 "-" "PostmanRuntime/7.33.0"
::1 - - [18/Sep/2023:11:10:08 +0000] "GET /auth/login HTTP/1.1" 200 691 "-" "PostmanRuntime/7.33.0"
::1 - - [18/Sep/2023:11:10:20 +0000] "POST /feedback/add HTTP/1.1" 201 254 "-" "PostmanRuntime/7.33.0"
::1 - - [18/Sep/2023:11:10:45 +0000] "POST /feedback/remove HTTP/1.1" 200 264 "-" "PostmanRuntime/7.33.0"
::1 - - [18/Sep/2023:11:12:07 +0000] "POST /feedback/add HTTP/1.1" 201 254 "-" "PostmanRuntime/7.33.0"
::1 - - [18/Sep/2023:11:12:14 +0000] "POST /feedback/edit HTTP/1.1" 401 62 "-" "PostmanRuntime/7.33.0"
::1 - - [18/Sep/2023:11:12:25 +0000] "POST /feedback/edit HTTP/1.1" 401 57 "-" "PostmanRuntime/7.33.0"
::1 - - [18/Sep/2023:11:12:38 +0000] "POST /feedback/edit HTTP/1.1" 200 128 "-" "PostmanRuntime/7.33.0"
::1 - - [18/Sep/2023:11:13:43 +0000] "POST /feedback/remove HTTP/1.1" 200 264 "-" "PostmanRuntime/7.33.0"
::1 - - [18/Sep/2023:11:19:19 +0000] "GET /auth/login HTTP/1.1" 200 691 "-" "PostmanRuntime/7.33.0"
::1 - - [18/Sep/2023:11:19:31 +0000] "POST /feedback/add HTTP/1.1" 201 72 "-" "PostmanRuntime/7.33.0"
::1 - - [18/Sep/2023:11:19:37 +0000] "POST /feedback/add HTTP/1.1" 201 298 "-" "PostmanRuntime/7.33.0"
::1 - - [18/Sep/2023:11:20:40 +0000] "POST /feedback/add HTTP/1.1" 409 83 "-" "PostmanRuntime/7.33.0"
::1 - - [18/Sep/2023:11:21:21 +0000] "POST /feedback/remove HTTP/1.1" 200 264 "-" "PostmanRuntime/7.33.0"
::1 - - [18/Sep/2023:11:21:25 +0000] "POST /feedback/remove HTTP/1.1" 200 264 "-" "PostmanRuntime/7.33.0"
::1 - - [18/Sep/2023:11:21:30 +0000] "POST /feedback/remove HTTP/1.1" 404 56 "-" "PostmanRuntime/7.33.0"
::1 - - [18/Sep/2023:11:21:40 +0000] "POST /feedback/add HTTP/1.1" 201 72 "-" "PostmanRuntime/7.33.0"
::1 - - [18/Sep/2023:11:22:56 +0000] "POST /feedback/remove HTTP/1.1" 200 264 "-" "PostmanRuntime/7.33.0"
::1 - - [18/Sep/2023:11:22:59 +0000] "POST /feedback/add HTTP/1.1" 500 65 "-" "PostmanRuntime/7.33.0"
::1 - - [18/Sep/2023:11:23:25 +0000] "POST /feedback/add HTTP/1.1" 409 83 "-" "PostmanRuntime/7.33.0"
::1 - - [18/Sep/2023:11:23:31 +0000] "POST /feedback/remove HTTP/1.1" 200 264 "-" "PostmanRuntime/7.33.0"
::1 - - [18/Sep/2023:11:23:33 +0000] "POST /feedback/remove HTTP/1.1" 404 56 "-" "PostmanRuntime/7.33.0"
::1 - - [18/Sep/2023:11:23:36 +0000] "POST /feedback/add HTTP/1.1" 201 235 "-" "PostmanRuntime/7.33.0"
::1 - - [18/Sep/2023:11:25:03 +0000] "POST /feedback/edit HTTP/1.1" 401 62 "-" "PostmanRuntime/7.33.0"
::1 - - [18/Sep/2023:11:25:08 +0000] "GET /auth/login HTTP/1.1" 200 691 "-" "PostmanRuntime/7.33.0"
::1 - - [18/Sep/2023:11:25:18 +0000] "POST /feedback/add HTTP/1.1" 409 83 "-" "PostmanRuntime/7.33.0"
::1 - - [18/Sep/2023:11:25:25 +0000] "POST /feedback/edit HTTP/1.1" 200 128 "-" "PostmanRuntime/7.33.0"
::1 - - [18/Sep/2023:11:26:16 +0000] "POST /feedback/edit HTTP/1.1" 200 128 "-" "PostmanRuntime/7.33.0"
::1 - - [18/Sep/2023:11:27:58 +0000] "POST /feedback/edit HTTP/1.1" 500 65 "-" "PostmanRuntime/7.33.0"
::1 - - [18/Sep/2023:11:28:00 +0000] "POST /feedback/edit HTTP/1.1" 500 65 "-" "PostmanRuntime/7.33.0"
::1 - - [18/Sep/2023:11:29:05 +0000] "POST /feedback/edit HTTP/1.1" 200 220 "-" "PostmanRuntime/7.33.0"
::1 - - [18/Sep/2023:11:29:30 +0000] "POST /feedback/edit HTTP/1.1" 400 62 "-" "PostmanRuntime/7.33.0"
::1 - - [18/Sep/2023:11:29:42 +0000] "POST /feedback/edit HTTP/1.1" 400 62 "-" "PostmanRuntime/7.33.0"
::1 - - [18/Sep/2023:11:30:03 +0000] "POST /feedback/edit HTTP/1.1" 200 149 "-" "PostmanRuntime/7.33.0"
::1 - - [18/Sep/2023:11:30:26 +0000] "POST /feedback/edit HTTP/1.1" 401 62 "-" "PostmanRuntime/7.33.0"
::1 - - [18/Sep/2023:11:30:30 +0000] "GET /auth/login HTTP/1.1" 200 691 "-" "PostmanRuntime/7.33.0"
::1 - - [18/Sep/2023:11:30:41 +0000] "POST /feedback/edit HTTP/1.1" 200 154 "-" "PostmanRuntime/7.33.0"
::1 - - [18/Sep/2023:11:31:09 +0000] "POST /auth/signup HTTP/1.1" 200 178 "-" "PostmanRuntime/7.33.0"
::1 - - [18/Sep/2023:11:31:20 +0000] "GET /auth/login HTTP/1.1" 200 682 "-" "PostmanRuntime/7.33.0"
::1 - - [18/Sep/2023:11:31:47 +0000] "POST /feedback/add HTTP/1.1" 201 310 "-" "PostmanRuntime/7.33.0"
::1 - - [18/Sep/2023:11:32:17 +0000] "POST /feedback/edit HTTP/1.1" 200 156 "-" "PostmanRuntime/7.33.0"
::1 - - [18/Sep/2023:11:33:10 +0000] "POST /cart/addtocart HTTP/1.1" 401 62 "-" "PostmanRuntime/7.33.0"
::1 - - [18/Sep/2023:11:33:14 +0000] "GET /auth/login HTTP/1.1" 200 682 "-" "PostmanRuntime/7.33.0"
::1 - - [18/Sep/2023:11:33:27 +0000] "GET /auth/login HTTP/1.1" 200 682 "-" "PostmanRuntime/7.33.0"
::1 - - [18/Sep/2023:11:33:43 +0000] "POST /wallet/add-balance HTTP/1.1" 200 81 "-" "PostmanRuntime/7.33.0"
::1 - - [18/Sep/2023:11:33:53 +0000] "GET /wallet/balance HTTP/1.1" 200 91 "-" "PostmanRuntime/7.33.0"
::1 - - [18/Sep/2023:11:34:00 +0000] "POST /cart/addtocart HTTP/1.1" 401 62 "-" "PostmanRuntime/7.33.0"
::1 - - [18/Sep/2023:11:34:05 +0000] "POST /cart/addtocart HTTP/1.1" 201 286 "-" "PostmanRuntime/7.33.0"
::1 - - [18/Sep/2023:11:34:32 +0000] "POST /cart/addtocart HTTP/1.1" 201 357 "-" "PostmanRuntime/7.33.0"
::1 - - [18/Sep/2023:11:35:21 +0000] "POST /cart/remove HTTP/1.1" 401 62 "-" "PostmanRuntime/7.33.0"
::1 - - [18/Sep/2023:11:35:30 +0000] "POST /cart/remove HTTP/1.1" 401 88 "-" "PostmanRuntime/7.33.0"
::1 - - [18/Sep/2023:11:35:38 +0000] "POST /cart/remove HTTP/1.1" 200 263 "-" "PostmanRuntime/7.33.0"
::1 - - [18/Sep/2023:11:35:48 +0000] "GET /cart/view HTTP/1.1" 200 250 "-" "PostmanRuntime/7.33.0"
::1 - - [18/Sep/2023:11:35:58 +0000] "POST /cart/checkout HTTP/1.1" 200 371 "-" "PostmanRuntime/7.33.0"
::1 - - [18/Sep/2023:11:36:15 +0000] "GET /wallet/balance HTTP/1.1" 200 94 "-" "PostmanRuntime/7.33.0"
::1 - - [18/Sep/2023:11:58:39 +0000] "POST /discount/add HTTP/1.1" 401 62 "-" "PostmanRuntime/7.33.0"
::1 - - [18/Sep/2023:11:58:50 +0000] "GET /auth/login HTTP/1.1" 200 698 "-" "PostmanRuntime/7.33.0"
::1 - - [18/Sep/2023:11:59:02 +0000] "POST /discount/add HTTP/1.1" 201 247 "-" "PostmanRuntime/7.33.0"
::1 - - [18/Sep/2023:12:02:58 +0000] "POST /discount/add HTTP/1.1" 500 65 "-" "PostmanRuntime/7.33.0"
::1 - - [18/Sep/2023:12:03:33 +0000] "POST /discount/add HTTP/1.1" 500 65 "-" "PostmanRuntime/7.33.0"
::1 - - [18/Sep/2023:12:06:40 +0000] "POST /discount/add HTTP/1.1" 401 62 "-" "PostmanRuntime/7.33.0"
::1 - - [18/Sep/2023:12:07:27 +0000] "GET /auth/login HTTP/1.1" 200 698 "-" "PostmanRuntime/7.33.0"
::1 - - [18/Sep/2023:12:07:38 +0000] "POST /discount/add HTTP/1.1" 401 74 "-" "PostmanRuntime/7.33.0"
::1 - - [18/Sep/2023:12:08:37 +0000] "GET /discount/update HTTP/1.1" 400 25 "-" "PostmanRuntime/7.33.0"
::1 - - [18/Sep/2023:12:09:40 +0000] "PATCH /discount/update HTTP/1.1" 500 65 "-" "PostmanRuntime/7.33.0"
::1 - - [18/Sep/2023:12:11:18 +0000] "PATCH /discount/update HTTP/1.1" 500 65 "-" "PostmanRuntime/7.33.0"
::1 - - [18/Sep/2023:12:12:20 +0000] "PATCH /discount/update HTTP/1.1" 500 65 "-" "PostmanRuntime/7.33.0"
::1 - - [18/Sep/2023:12:12:41 +0000] "PATCH /discount/update HTTP/1.1" 401 62 "-" "PostmanRuntime/7.33.0"
::1 - - [18/Sep/2023:12:12:44 +0000] "GET /auth/login HTTP/1.1" 200 698 "-" "PostmanRuntime/7.33.0"
::1 - - [18/Sep/2023:12:12:56 +0000] "PATCH /discount/update HTTP/1.1" 500 65 "-" "PostmanRuntime/7.33.0"
::1 - - [18/Sep/2023:12:13:34 +0000] "PATCH /discount/update HTTP/1.1" 500 65 "-" "PostmanRuntime/7.33.0"
::1 - - [18/Sep/2023:12:14:11 +0000] "PATCH /discount/update HTTP/1.1" 500 65 "-" "PostmanRuntime/7.33.0"
::1 - - [18/Sep/2023:12:14:24 +0000] "PATCH /discount/update HTTP/1.1" 500 65 "-" "PostmanRuntime/7.33.0"
::1 - - [18/Sep/2023:12:15:05 +0000] "PATCH /discount/update HTTP/1.1" 500 65 "-" "PostmanRuntime/7.33.0"
::1 - - [18/Sep/2023:12:15:47 +0000] "PATCH /discount/update HTTP/1.1" 500 65 "-" "PostmanRuntime/7.33.0"
::1 - - [18/Sep/2023:12:16:10 +0000] "PATCH /discount/update HTTP/1.1" 500 65 "-" "PostmanRuntime/7.33.0"
::1 - - [18/Sep/2023:12:17:14 +0000] "PATCH /discount/update HTTP/1.1" 201 249 "-" "PostmanRuntime/7.33.0"
::1 - - [18/Sep/2023:12:18:04 +0000] "PATCH /discount/update HTTP/1.1" 401 62 "-" "PostmanRuntime/7.33.0"
::1 - - [18/Sep/2023:12:23:01 +0000] "GET /auth/login HTTP/1.1" 200 691 "-" "PostmanRuntime/7.33.0"
::1 - - [18/Sep/2023:12:23:21 +0000] "PATCH /feedback/edit HTTP/1.1" 200 159 "-" "PostmanRuntime/7.33.0"
::1 - - [18/Sep/2023:12:28:53 +0000] "GET /auth/login HTTP/1.1" 200 691 "-" "PostmanRuntime/7.33.0"
::1 - - [18/Sep/2023:12:29:05 +0000] "POST /feedback/add HTTP/1.1" 500 65 "-" "PostmanRuntime/7.33.0"
::1 - - [18/Sep/2023:12:30:00 +0000] "POST /feedback/add HTTP/1.1" 201 270 "-" "PostmanRuntime/7.33.0"
::1 - - [18/Sep/2023:12:30:20 +0000] "GET /auth/login HTTP/1.1" 200 682 "-" "PostmanRuntime/7.33.0"
::1 - - [18/Sep/2023:12:30:43 +0000] "POST /feedback/add HTTP/1.1" 201 339 "-" "PostmanRuntime/7.33.0"
::1 - - [18/Sep/2023:12:32:05 +0000] "POST /feedback/remove HTTP/1.1" 401 62 "-" "PostmanRuntime/7.33.0"
::1 - - [18/Sep/2023:12:32:09 +0000] "GET /auth/login HTTP/1.1" 200 682 "-" "PostmanRuntime/7.33.0"
::1 - - [18/Sep/2023:12:32:21 +0000] "POST /feedback/remove HTTP/1.1" 200 241 "-" "PostmanRuntime/7.33.0"
::1 - - [18/Sep/2023:12:34:07 +0000] "POST /feedback/add HTTP/1.1" 201 318 "-" "PostmanRuntime/7.33.0"
::1 - - [18/Sep/2023:12:34:40 +0000] "POST /feedback/remove HTTP/1.1" 200 241 "-" "PostmanRuntime/7.33.0"
::1 - - [18/Sep/2023:12:34:47 +0000] "POST /feedback/add HTTP/1.1" 201 70 "-" "PostmanRuntime/7.33.0"
::1 - - [18/Sep/2023:12:35:14 +0000] "POST /feedback/remove HTTP/1.1" 200 241 "-" "PostmanRuntime/7.33.0"
::1 - - [18/Sep/2023:12:35:19 +0000] "POST /feedback/add HTTP/1.1" 201 318 "-" "PostmanRuntime/7.33.0"
::1 - - [18/Sep/2023:13:02:42 +0000] "GET /auth/login HTTP/1.1" 200 691 "-" "PostmanRuntime/7.33.0"
::1 - - [18/Sep/2023:13:04:26 +0000] "POST /cart/checkout HTTP/1.1" 500 65 "-" "PostmanRuntime/7.33.0"
::1 - - [18/Sep/2023:13:04:58 +0000] "POST /cart/checkout HTTP/1.1" 500 65 "-" "PostmanRuntime/7.33.0"
::1 - - [18/Sep/2023:13:05:19 +0000] "POST /cart/checkout HTTP/1.1" 500 65 "-" "PostmanRuntime/7.33.0"
::1 - - [18/Sep/2023:13:06:26 +0000] "POST /cart/checkout HTTP/1.1" 500 65 "-" "PostmanRuntime/7.33.0"
::1 - - [18/Sep/2023:13:08:00 +0000] "POST /cart/checkout HTTP/1.1" 401 62 "-" "PostmanRuntime/7.33.0"
::1 - - [18/Sep/2023:13:08:06 +0000] "GET /auth/login HTTP/1.1" 200 691 "-" "PostmanRuntime/7.33.0"
::1 - - [18/Sep/2023:13:08:19 +0000] "POST /cart/checkout HTTP/1.1" 500 65 "-" "PostmanRuntime/7.33.0"
::1 - - [18/Sep/2023:13:09:24 +0000] "POST /cart/checkout HTTP/1.1" 500 65 "-" "PostmanRuntime/7.33.0"
::1 - - [18/Sep/2023:13:10:34 +0000] "POST /cart/checkout HTTP/1.1" 500 65 "-" "PostmanRuntime/7.33.0"
::1 - - [18/Sep/2023:13:10:55 +0000] "POST /cart/checkout HTTP/1.1" 500 65 "-" "PostmanRuntime/7.33.0"
::1 - - [18/Sep/2023:13:11:40 +0000] "POST /cart/checkout HTTP/1.1" 500 65 "-" "PostmanRuntime/7.33.0"
::1 - - [18/Sep/2023:13:12:06 +0000] "POST /cart/checkout HTTP/1.1" 500 65 "-" "PostmanRuntime/7.33.0"
::1 - - [18/Sep/2023:13:12:28 +0000] "POST /cart/checkout HTTP/1.1" 500 65 "-" "PostmanRuntime/7.33.0"
::1 - - [18/Sep/2023:13:14:30 +0000] "POST /cart/checkout HTTP/1.1" 401 62 "-" "PostmanRuntime/7.33.0"
::1 - - [18/Sep/2023:13:14:33 +0000] "GET /auth/login HTTP/1.1" 200 691 "-" "PostmanRuntime/7.33.0"
::1 - - [18/Sep/2023:13:14:43 +0000] "POST /cart/checkout HTTP/1.1" 422 64 "-" "PostmanRuntime/7.33.0"
::1 - - [18/Sep/2023:13:15:49 +0000] "POST /cart/checkout HTTP/1.1" 422 64 "-" "PostmanRuntime/7.33.0"
::1 - - [18/Sep/2023:13:16:05 +0000] "POST /wallet/add-balance HTTP/1.1" 401 62 "-" "PostmanRuntime/7.33.0"
::1 - - [18/Sep/2023:13:16:10 +0000] "POST /wallet/add-balance HTTP/1.1" 200 79 "-" "PostmanRuntime/7.33.0"
::1 - - [18/Sep/2023:13:16:15 +0000] "POST /cart/checkout HTTP/1.1" 200 309 "-" "PostmanRuntime/7.33.0"
::1 - - [18/Sep/2023:13:18:12 +0000] "POST /cart/addtocart HTTP/1.1" 401 62 "-" "PostmanRuntime/7.33.0"
::1 - - [18/Sep/2023:13:18:16 +0000] "GET /auth/login HTTP/1.1" 200 691 "-" "PostmanRuntime/7.33.0"
::1 - - [18/Sep/2023:13:18:33 +0000] "POST /cart/addtocart HTTP/1.1" 201 294 "-" "PostmanRuntime/7.33.0"
::1 - - [18/Sep/2023:13:18:59 +0000] "POST /cart/addtocart HTTP/1.1" 201 376 "-" "PostmanRuntime/7.33.0"
::1 - - [18/Sep/2023:13:19:13 +0000] "POST /cart/checkout HTTP/1.1" 200 390 "-" "PostmanRuntime/7.33.0"
::1 - - [18/Sep/2023:13:20:04 +0000] "POST /cart/addtocart HTTP/1.1" 201 292 "-" "PostmanRuntime/7.33.0"
::1 - - [18/Sep/2023:13:20:18 +0000] "POST /cart/addtocart HTTP/1.1" 201 368 "-" "PostmanRuntime/7.33.0"
::1 - - [18/Sep/2023:13:20:31 +0000] "POST /cart/checkout HTTP/1.1" 200 382 "-" "PostmanRuntime/7.33.0"
::1 - - [18/Sep/2023:13:40:12 +0000] "GET /auth/login HTTP/1.1" 200 691 "-" "PostmanRuntime/7.33.0"
::1 - - [18/Sep/2023:13:40:39 +0000] "GET /cart/view HTTP/1.1" 500 65 "-" "PostmanRuntime/7.33.0"
::1 - - [18/Sep/2023:13:40:54 +0000] "POST /cart/addtocart HTTP/1.1" 201 300 "-" "PostmanRuntime/7.33.0"
::1 - - [18/Sep/2023:13:41:45 +0000] "GET /cart/view HTTP/1.1" 200 188 "-" "PostmanRuntime/7.33.0"
::1 - - [18/Sep/2023:13:42:17 +0000] "POST /cart/addtocart HTTP/1.1" 201 380 "-" "PostmanRuntime/7.33.0"
::1 - - [18/Sep/2023:13:43:14 +0000] "POST /cart/remove HTTP/1.1" 401 62 "-" "PostmanRuntime/7.33.0"
::1 - - [18/Sep/2023:13:43:19 +0000] "GET /auth/login HTTP/1.1" 200 691 "-" "PostmanRuntime/7.33.0"
::1 - - [18/Sep/2023:13:43:34 +0000] "GET /cart/view HTTP/1.1" 200 265 "-" "PostmanRuntime/7.33.0"
::1 - - [18/Sep/2023:13:44:14 +0000] "POST /cart/remove HTTP/1.1" 200 242 "-" "PostmanRuntime/7.33.0"
::1 - - [18/Sep/2023:13:44:34 +0000] "POST /cart/checkout HTTP/1.1" 200 309 "-" "PostmanRuntime/7.33.0"
::1 - - [18/Sep/2023:13:45:04 +0000] "POST /cart/remove HTTP/1.1" 404 72 "-" "PostmanRuntime/7.33.0"
::1 - - [18/Sep/2023:13:45:15 +0000] "POST /cart/remove HTTP/1.1" 401 62 "-" "PostmanRuntime/7.33.0"
::1 - - [18/Sep/2023:13:45:21 +0000] "GET /auth/login HTTP/1.1" 200 691 "-" "PostmanRuntime/7.33.0"
::1 - - [18/Sep/2023:13:45:37 +0000] "POST /cart/remove HTTP/1.1" 500 65 "-" "PostmanRuntime/7.33.0"
::1 - - [18/Sep/2023:13:45:44 +0000] "POST /cart/remove HTTP/1.1" 404 72 "-" "PostmanRuntime/7.33.0"
::1 - - [18/Sep/2023:13:48:02 +0000] "POST /cart/addtocart HTTP/1.1" 200 81 "-" "PostmanRuntime/7.33.0"
::1 - - [18/Sep/2023:13:48:10 +0000] "POST /cart/addtocart HTTP/1.1" 401 62 "-" "PostmanRuntime/7.33.0"
